2025-10-21 15:49:45,667 INFO o.a.j.u.JMeterUtils: Setting Locale to en_EN
2025-10-21 15:49:45,717 INFO o.a.j.JMeter: Loading user properties from: C:\apache-jmeter-5.6.3\bin\user.properties
2025-10-21 15:49:45,717 INFO o.a.j.JMeter: Loading system properties from: C:\apache-jmeter-5.6.3\bin\system.properties
2025-10-21 15:49:45,725 INFO o.a.j.JMeter: Copyright (c) 1998-2024 The Apache Software Foundation
2025-10-21 15:49:45,725 INFO o.a.j.JMeter: Version 5.6.3
2025-10-21 15:49:45,725 INFO o.a.j.JMeter: java.version=17.0.15
2025-10-21 15:49:45,725 INFO o.a.j.JMeter: java.vm.name=Java HotSpot(TM) 64-Bit Server VM
2025-10-21 15:49:45,725 INFO o.a.j.JMeter: os.name=Windows 10
2025-10-21 15:49:45,725 INFO o.a.j.JMeter: os.arch=amd64
2025-10-21 15:49:45,725 INFO o.a.j.JMeter: os.version=10.0
2025-10-21 15:49:45,725 INFO o.a.j.JMeter: file.encoding=Cp1252
2025-10-21 15:49:45,725 INFO o.a.j.JMeter: java.awt.headless=true
2025-10-21 15:49:45,725 INFO o.a.j.JMeter: Max memory     =1073741824
2025-10-21 15:49:45,725 INFO o.a.j.JMeter: Available Processors =4
2025-10-21 15:49:45,742 INFO o.a.j.JMeter: Default Locale=English (EN)
2025-10-21 15:49:45,742 INFO o.a.j.JMeter: JMeter  Locale=English (EN)
2025-10-21 15:49:45,742 INFO o.a.j.JMeter: JMeterHome=C:\apache-jmeter-5.6.3
2025-10-21 15:49:45,742 INFO o.a.j.JMeter: user.dir  =C:\Projetos\jmeter-blazedemo\projeto
2025-10-21 15:49:45,742 INFO o.a.j.JMeter: PWD       =C:\Projetos\jmeter-blazedemo\projeto
2025-10-21 15:49:45,753 INFO o.a.j.JMeter: IP: 192.168.1.8 Name: DESKTOP-52KSH2E FullName: DESKTOP-52KSH2E
2025-10-21 15:49:45,772 ERROR o.a.j.JMeter: An error occurred: 
java.lang.IllegalArgumentException: Cannot write to 'C:\Projetos\jmeter-blazedemo\projeto\..\relatorios\carga\html' as folder is not empty
	at org.apache.jorphan.util.JOrphanUtils.canSafelyWriteToFolder(JOrphanUtils.java:664) ~[jorphan.jar:5.6.3]
	at org.apache.jorphan.util.JOrphanUtils.canSafelyWriteToFolder(JOrphanUtils.java:620) ~[jorphan.jar:5.6.3]
	at org.apache.jmeter.JMeter.extractAndSetReportOutputFolder(JMeter.java:542) ~[ApacheJMeter_core.jar:5.6.3]
	at org.apache.jmeter.JMeter.start(JMeter.java:492) [ApacheJMeter_core.jar:5.6.3]
	at java.base/jdk.internal.reflect.NativeMethodAccessorImpl.invoke0(Native Method) ~[?:?]
	at java.base/jdk.internal.reflect.NativeMethodAccessorImpl.invoke(NativeMethodAccessorImpl.java:77) ~[?:?]
	at java.base/jdk.internal.reflect.DelegatingMethodAccessorImpl.invoke(DelegatingMethodAccessorImpl.java:43) ~[?:?]
	at java.base/java.lang.reflect.Method.invoke(Method.java:568) ~[?:?]
	at org.apache.jmeter.NewDriver.main(NewDriver.java:259) [ApacheJMeter.jar:5.6.3]
